gpasm-1.5.0 #1285 (Jun  6 2020) lib/PIC16F886   06/06/20  18:56:21          PAGE  1


LOC    OBJECT CODE    LINE  SOURCE TEXT
  VALUE

                      00001 ;--------------------------------------------------------
                      00002 ; File Created by SDCC : free open source ANSI-C Compiler
                      00003 ; Version 3.6.0 #9615 (Linux)
                      00004 ;--------------------------------------------------------
                      00005 ; PIC port for the 14-bit core
                      00006 ;--------------------------------------------------------
                      00007 ;       .file   "src/uplot.c"
                      00008         list    p=16f886
                      00009         radix dec
                      00010         include "p16f886.inc"
                      00001         LIST
                      00002 
                      00003 ;==========================================================================
                      00004 ; Build date : Oct 21 2015
                      00005 ;  MPASM PIC16F886 processor include
                      00006 ; 
                      00007 ;  (c) Copyright 1999-2015 Microchip Technology, All rights reserved
                      00008 ;==========================================================================
                      00009 
                      00779         LIST
                      00011 ;--------------------------------------------------------
                      00012 ; external declarations
                      00013 ;--------------------------------------------------------
  0000                00014         extern  __mulint
  0000                00015         extern  __divuint
  0000                00016         extern  __gptrget2
  0000                00017         extern  __gptrput2
                      00018 
  0000                00019         extern PSAVE
  0000                00020         extern SSAVE
  0000                00021         extern WSAVE
  0000                00022         extern STK12
  0000                00023         extern STK11
  0000                00024         extern STK10
  0000                00025         extern STK09
  0000                00026         extern STK08
  0000                00027         extern STK07
  0000                00028         extern STK06
  0000                00029         extern STK05
  0000                00030         extern STK04
  0000                00031         extern STK03
  0000                00032         extern STK02
  0000                00033         extern STK01
  0000                00034         extern STK00
                      00035 ;--------------------------------------------------------
                      00036 ; global declarations
                      00037 ;--------------------------------------------------------
  0000                00038         global  _zerobuffer
  0000                00039         global  _uplot
                      00040 
                      00041 ;--------------------------------------------------------
                      00042 ; global definitions
                      00043 ;--------------------------------------------------------
gpasm-1.5.0 #1285 (Jun  6 2020) lib/PIC16F886   06/06/20  18:56:21          PAGE  2


LOC    OBJECT CODE    LINE  SOURCE TEXT
  VALUE

                      00044 ;--------------------------------------------------------
                      00045 ; absolute symbol definitions
                      00046 ;--------------------------------------------------------
                      00047 ;--------------------------------------------------------
                      00048 ; compiler-defined variables
                      00049 ;--------------------------------------------------------
                      00050 UDL_uplot_0     udata
0000                  00051 r0x100E res     1
0001                  00052 r0x100D res     1
0002                  00053 r0x100C res     1
0003                  00054 r0x1011 res     1
0004                  00055 r0x1010 res     1
0005                  00056 r0x100F res     1
0006                  00057 r0x1013 res     1
0007                  00058 r0x1012 res     1
0008                  00059 r0x1015 res     1
0009                  00060 r0x1014 res     1
000A                  00061 r0x1017 res     1
000B                  00062 r0x1016 res     1
000C                  00063 r0x1019 res     1
000D                  00064 r0x1018 res     1
000E                  00065 r0x101A res     1
000F                  00066 r0x101B res     1
0010                  00067 r0x101C res     1
0011                  00068 r0x101D res     1
0012                  00069 r0x101E res     1
0013                  00070 r0x101F res     1
0014                  00071 r0x1020 res     1
0015                  00072 r0x1021 res     1
0016                  00073 r0x1022 res     1
0017                  00074 r0x1023 res     1
0018                  00075 r0x1024 res     1
0019                  00076 r0x1026 res     1
001A                  00077 r0x1025 res     1
001B                  00078 r0x1002 res     1
001C                  00079 r0x1001 res     1
001D                  00080 r0x1000 res     1
001E                  00081 r0x1004 res     1
001F                  00082 r0x1003 res     1
0020                  00083 r0x1005 res     1
0021                  00084 r0x1006 res     1
0022                  00085 r0x1007 res     1
0023                  00086 r0x1008 res     1
0024                  00087 r0x1009 res     1
0025                  00088 r0x100A res     1
0026                  00089 r0x100B res     1
                      00090 ;--------------------------------------------------------
                      00091 ; initialized data
                      00092 ;--------------------------------------------------------
                      00093 ;--------------------------------------------------------
                      00094 ; overlayable items in internal ram 
                      00095 ;--------------------------------------------------------
                      00096 ;       udata_ovr
gpasm-1.5.0 #1285 (Jun  6 2020) lib/PIC16F886   06/06/20  18:56:21          PAGE  3


LOC    OBJECT CODE    LINE  SOURCE TEXT
  VALUE

                      00097 ;--------------------------------------------------------
                      00098 ; code
                      00099 ;--------------------------------------------------------
                      00100 code_uplot      code
                      00101 ;***
                      00102 ;  pBlock Stats: dbName = C
                      00103 ;***
                      00104 ;has an exit
                      00105 ;functions called:
                      00106 ;   __gptrput2
                      00107 ;   __gptrput2
                      00108 ;16 compiler assigned registers:
                      00109 ;   r0x1000
                      00110 ;   STK00
                      00111 ;   r0x1001
                      00112 ;   STK01
                      00113 ;   r0x1002
                      00114 ;   STK02
                      00115 ;   r0x1003
                      00116 ;   STK03
                      00117 ;   r0x1004
                      00118 ;   r0x1005
                      00119 ;   r0x1006
                      00120 ;   r0x1007
                      00121 ;   r0x1008
                      00122 ;   r0x1009
                      00123 ;   r0x100A
                      00124 ;   r0x100B
                      00125 ;; Starting pCode block
                      00126 S_uplot__zerobuffer     code
0000                  00127 _zerobuffer:
                      00128 ; 2 exit points
                      00129 ;       .line   26; "src/uplot.c"       void zerobuffer(unsigned int* buffer, const unsigned int len) {
0000   0??? 0???      00130         BANKSEL r0x1000
0002   00??           00131         MOVWF   r0x1000
0003   08??           00132         MOVF    STK00,W
0004   00??           00133         MOVWF   r0x1001
0005   08??           00134         MOVF    STK01,W
0006   00??           00135         MOVWF   r0x1002
0007   08??           00136         MOVF    STK02,W
0008   00??           00137         MOVWF   r0x1003
0009   08??           00138         MOVF    STK03,W
000A   00??           00139         MOVWF   r0x1004
                      00140 ;       .line   28; "src/uplot.c"       for(i = 0; i < len; i++){
000B   01??           00141         CLRF    r0x1005
000C   01??           00142         CLRF    r0x1006
000D   01??           00143         CLRF    r0x1007
000E   01??           00144         CLRF    r0x1008
000F                  00145 _00167_DS_:
000F   0??? 0???      00146         BANKSEL r0x1003
0011   08??           00147         MOVF    r0x1003,W
0012   02??           00148         SUBWF   r0x1006,W
0013   1D03           00149         BTFSS   STATUS,2
gpasm-1.5.0 #1285 (Jun  6 2020) lib/PIC16F886   06/06/20  18:56:21          PAGE  4


LOC    OBJECT CODE    LINE  SOURCE TEXT
  VALUE

0014   2???           00150         GOTO    _00178_DS_
0015   08??           00151         MOVF    r0x1004,W
0016   02??           00152         SUBWF   r0x1005,W
0017                  00153 _00178_DS_:
0017   1803           00154         BTFSC   STATUS,0
0018   2???           00155         GOTO    _00169_DS_
                      00156 ;;genSkipc:3257: created from rifx:0xffd2ec84
                      00157 ;       .line   29; "src/uplot.c"       buffer[i] = 0;
0019   0??? 0???      00158         BANKSEL r0x1007
001B   08??           00159         MOVF    r0x1007,W
001C   07??           00160         ADDWF   r0x1002,W
001D   00??           00161         MOVWF   r0x1009
001E   08??           00162         MOVF    r0x1001,W
001F   00??           00163         MOVWF   r0x100A
0020   08??           00164         MOVF    r0x1008,W
0021   1803           00165         BTFSC   STATUS,0
0022   0F??           00166         INCFSZ  r0x1008,W
0023   07??           00167         ADDWF   r0x100A,F
0024   08??           00168         MOVF    r0x1000,W
0025   1803           00169         BTFSC   STATUS,0
0026   3E01           00170         ADDLW   0x01
0027   00??           00171         MOVWF   r0x100B
0028   3000           00172         MOVLW   0x00
0029   00??           00173         MOVWF   STK02
002A   3000           00174         MOVLW   0x00
002B   00??           00175         MOVWF   STK03
002C   08??           00176         MOVF    r0x1009,W
002D   00??           00177         MOVWF   STK01
002E   08??           00178         MOVF    r0x100A,W
002F   00??           00179         MOVWF   STK00
0030   08??           00180         MOVF    r0x100B,W
0031   0??? 0???      00181         PAGESEL __gptrput2
0033   2???           00182         CALL    __gptrput2
0034   0??? 0???      00183         PAGESEL $
                      00184 ;       .line   28; "src/uplot.c"       for(i = 0; i < len; i++){
0036   3002           00185         MOVLW   0x02
0037   0??? 0???      00186         BANKSEL r0x1007
0039   07??           00187         ADDWF   r0x1007,F
003A   1803           00188         BTFSC   STATUS,0
003B   0A??           00189         INCF    r0x1008,F
003C   0A??           00190         INCF    r0x1005,F
003D   1903           00191         BTFSC   STATUS,2
003E   0A??           00192         INCF    r0x1006,F
003F   2???           00193         GOTO    _00167_DS_
0040                  00194 _00169_DS_:
0040   0008           00195         RETURN  
                      00196 ; exit point of _zerobuffer
                      00197 
                      00198 ;***
                      00199 ;  pBlock Stats: dbName = C
                      00200 ;***
                      00201 ;has an exit
                      00202 ;functions called:
gpasm-1.5.0 #1285 (Jun  6 2020) lib/PIC16F886   06/06/20  18:56:21          PAGE  5


LOC    OBJECT CODE    LINE  SOURCE TEXT
  VALUE

                      00203 ;   __mulint
                      00204 ;   _zerobuffer
                      00205 ;   __gptrget2
                      00206 ;   __gptrget2
                      00207 ;   __gptrget2
                      00208 ;   __gptrget2
                      00209 ;   __mulint
                      00210 ;   __divuint
                      00211 ;   __mulint
                      00212 ;   __mulint
                      00213 ;   __gptrput2
                      00214 ;   __mulint
                      00215 ;   _zerobuffer
                      00216 ;   __gptrget2
                      00217 ;   __gptrget2
                      00218 ;   __gptrget2
                      00219 ;   __gptrget2
                      00220 ;   __mulint
                      00221 ;   __divuint
                      00222 ;   __mulint
                      00223 ;   __mulint
                      00224 ;   __gptrput2
                      00225 ;38 compiler assigned registers:
                      00226 ;   r0x100C
                      00227 ;   STK00
                      00228 ;   r0x100D
                      00229 ;   STK01
                      00230 ;   r0x100E
                      00231 ;   STK02
                      00232 ;   r0x100F
                      00233 ;   STK03
                      00234 ;   r0x1010
                      00235 ;   STK04
                      00236 ;   r0x1011
                      00237 ;   STK05
                      00238 ;   r0x1012
                      00239 ;   STK06
                      00240 ;   r0x1013
                      00241 ;   STK07
                      00242 ;   r0x1014
                      00243 ;   STK08
                      00244 ;   r0x1015
                      00245 ;   STK09
                      00246 ;   r0x1016
                      00247 ;   STK10
                      00248 ;   r0x1017
                      00249 ;   r0x1018
                      00250 ;   r0x1019
                      00251 ;   r0x101A
                      00252 ;   r0x101B
                      00253 ;   r0x101C
                      00254 ;   r0x101D
                      00255 ;   r0x101E
gpasm-1.5.0 #1285 (Jun  6 2020) lib/PIC16F886   06/06/20  18:56:21          PAGE  6


LOC    OBJECT CODE    LINE  SOURCE TEXT
  VALUE

                      00256 ;   r0x101F
                      00257 ;   r0x1020
                      00258 ;   r0x1021
                      00259 ;   r0x1022
                      00260 ;   r0x1023
                      00261 ;   r0x1024
                      00262 ;   r0x1025
                      00263 ;   r0x1026
                      00264 ;; Starting pCode block
                      00265 S_uplot__uplot  code
0000                  00266 _uplot:
                      00267 ; 2 exit points
                      00268 ;       .line   3; "src/uplot.c"        extern int uplot(unsigned int* fb, const unsigned int* d, const 
                            unsigned int len, const unsigned int width, const unsigned int height) {
0000   0??? 0???      00269         BANKSEL r0x100C
0002   00??           00270         MOVWF   r0x100C
0003   08??           00271         MOVF    STK00,W
0004   00??           00272         MOVWF   r0x100D
0005   08??           00273         MOVF    STK01,W
0006   00??           00274         MOVWF   r0x100E
0007   08??           00275         MOVF    STK02,W
0008   00??           00276         MOVWF   r0x100F
0009   08??           00277         MOVF    STK03,W
000A   00??           00278         MOVWF   r0x1010
000B   08??           00279         MOVF    STK04,W
000C   00??           00280         MOVWF   r0x1011
000D   08??           00281         MOVF    STK05,W
000E   00??           00282         MOVWF   r0x1012
000F   08??           00283         MOVF    STK06,W
0010   00??           00284         MOVWF   r0x1013
0011   08??           00285         MOVF    STK07,W
0012   00??           00286         MOVWF   r0x1014
0013   08??           00287         MOVF    STK08,W
0014   00??           00288         MOVWF   r0x1015
0015   08??           00289         MOVF    STK09,W
0016   00??           00290         MOVWF   r0x1016
0017   08??           00291         MOVF    STK10,W
                      00292 ;       .line   5; "src/uplot.c"        zerobuffer(fb, width * height);
0018   00??           00293         MOVWF   r0x1017
0019   00??           00294         MOVWF   STK02
001A   08??           00295         MOVF    r0x1016,W
001B   00??           00296         MOVWF   STK01
001C   08??           00297         MOVF    r0x1015,W
001D   00??           00298         MOVWF   STK00
001E   08??           00299         MOVF    r0x1014,W
001F   0??? 0???      00300         PAGESEL __mulint
0021   2???           00301         CALL    __mulint
0022   0??? 0???      00302         PAGESEL $
0024   0??? 0???      00303         BANKSEL r0x1018
0026   00??           00304         MOVWF   r0x1018
0027   08??           00305         MOVF    STK00,W
0028   00??           00306         MOVWF   r0x1019
0029   00??           00307         MOVWF   STK03
gpasm-1.5.0 #1285 (Jun  6 2020) lib/PIC16F886   06/06/20  18:56:21          PAGE  7


LOC    OBJECT CODE    LINE  SOURCE TEXT
  VALUE

002A   08??           00308         MOVF    r0x1018,W
002B   00??           00309         MOVWF   STK02
002C   08??           00310         MOVF    r0x100E,W
002D   00??           00311         MOVWF   STK01
002E   08??           00312         MOVF    r0x100D,W
002F   00??           00313         MOVWF   STK00
0030   08??           00314         MOVF    r0x100C,W
0031   0??? 0???      00315         PAGESEL _zerobuffer
0033   2???           00316         CALL    _zerobuffer
0034   0??? 0???      00317         PAGESEL $
                      00318 ;;unsigned compare: left < lit(0x2=2), size=2
                      00319 ;       .line   6; "src/uplot.c"        if(2 > len || 2 > width || 2 > height) {
0036   3000           00320         MOVLW   0x00
0037   0??? 0???      00321         BANKSEL r0x1012
0039   02??           00322         SUBWF   r0x1012,W
003A   1D03           00323         BTFSS   STATUS,2
003B   2???           00324         GOTO    _00154_DS_
003C   3002           00325         MOVLW   0x02
003D   02??           00326         SUBWF   r0x1013,W
003E                  00327 _00154_DS_:
003E   1C03           00328         BTFSS   STATUS,0
003F   2???           00329         GOTO    _00105_DS_
                      00330 ;;genSkipc:3257: created from rifx:0xffd2ec84
                      00331 ;;unsigned compare: left < lit(0x2=2), size=2
0040   3000           00332         MOVLW   0x00
0041   0??? 0???      00333         BANKSEL r0x1014
0043   02??           00334         SUBWF   r0x1014,W
0044   1D03           00335         BTFSS   STATUS,2
0045   2???           00336         GOTO    _00155_DS_
0046   3002           00337         MOVLW   0x02
0047   02??           00338         SUBWF   r0x1015,W
0048                  00339 _00155_DS_:
0048   1C03           00340         BTFSS   STATUS,0
0049   2???           00341         GOTO    _00105_DS_
                      00342 ;;genSkipc:3257: created from rifx:0xffd2ec84
                      00343 ;;unsigned compare: left < lit(0x2=2), size=2
004A   3000           00344         MOVLW   0x00
004B   0??? 0???      00345         BANKSEL r0x1016
004D   02??           00346         SUBWF   r0x1016,W
004E   1D03           00347         BTFSS   STATUS,2
004F   2???           00348         GOTO    _00156_DS_
0050   3002           00349         MOVLW   0x02
0051   02??           00350         SUBWF   r0x1017,W
0052                  00351 _00156_DS_:
0052   1803           00352         BTFSC   STATUS,0
0053   2???           00353         GOTO    _00106_DS_
                      00354 ;;genSkipc:3257: created from rifx:0xffd2ec84
0054                  00355 _00105_DS_:
                      00356 ;       .line   7; "src/uplot.c"        return -1;
0054   30FF           00357         MOVLW   0xff
0055   00??           00358         MOVWF   STK00
0056   30FF           00359         MOVLW   0xff
0057   2???           00360         GOTO    _00123_DS_
gpasm-1.5.0 #1285 (Jun  6 2020) lib/PIC16F886   06/06/20  18:56:21          PAGE  8


LOC    OBJECT CODE    LINE  SOURCE TEXT
  VALUE

0058                  00361 _00106_DS_:
                      00362 ;       .line   10; "src/uplot.c"       min = max = fb[0];
0058   0??? 0???      00363         BANKSEL r0x100E
005A   08??           00364         MOVF    r0x100E,W
005B   00??           00365         MOVWF   STK01
005C   08??           00366         MOVF    r0x100D,W
005D   00??           00367         MOVWF   STK00
005E   08??           00368         MOVF    r0x100C,W
005F   0??? 0???      00369         PAGESEL __gptrget2
0061   2???           00370         CALL    __gptrget2
0062   0??? 0???      00371         PAGESEL $
0064   0??? 0???      00372         BANKSEL r0x101B
0066   00??           00373         MOVWF   r0x101B
0067   00??           00374         MOVWF   r0x1018
0068   08??           00375         MOVF    STK00,W
0069   00??           00376         MOVWF   r0x1019
006A   00??           00377         MOVWF   r0x101A
                      00378 ;;99    MOVF    r0x1018,W
                      00379 ;       .line   11; "src/uplot.c"       for(i = 1; i < len; i++) {
006B   3001           00380         MOVLW   0x01
006C   00??           00381         MOVWF   r0x101C
006D   01??           00382         CLRF    r0x101D
006E   3002           00383         MOVLW   0x02
006F   00??           00384         MOVWF   r0x101E
0070   01??           00385         CLRF    r0x101F
0071   3002           00386         MOVLW   0x02
0072   00??           00387         MOVWF   r0x1020
0073   01??           00388         CLRF    r0x1021
0074                  00389 _00118_DS_:
0074   0??? 0???      00390         BANKSEL r0x1012
0076   08??           00391         MOVF    r0x1012,W
0077   02??           00392         SUBWF   r0x101D,W
0078   1D03           00393         BTFSS   STATUS,2
0079   2???           00394         GOTO    _00157_DS_
007A   08??           00395         MOVF    r0x1013,W
007B   02??           00396         SUBWF   r0x101C,W
007C                  00397 _00157_DS_:
007C   1803           00398         BTFSC   STATUS,0
007D   2???           00399         GOTO    _00113_DS_
                      00400 ;;genSkipc:3257: created from rifx:0xffd2ec84
                      00401 ;       .line   12; "src/uplot.c"       if (d[i] < min) min = d[i];
007E   0??? 0???      00402         BANKSEL r0x101E
0080   08??           00403         MOVF    r0x101E,W
0081   07??           00404         ADDWF   r0x1011,W
0082   00??           00405         MOVWF   r0x1022
0083   08??           00406         MOVF    r0x1010,W
0084   00??           00407         MOVWF   r0x1023
0085   08??           00408         MOVF    r0x101F,W
0086   1803           00409         BTFSC   STATUS,0
0087   0F??           00410         INCFSZ  r0x101F,W
0088   07??           00411         ADDWF   r0x1023,F
0089   08??           00412         MOVF    r0x100F,W
008A   1803           00413         BTFSC   STATUS,0
gpasm-1.5.0 #1285 (Jun  6 2020) lib/PIC16F886   06/06/20  18:56:21          PAGE  9


LOC    OBJECT CODE    LINE  SOURCE TEXT
  VALUE

008B   3E01           00414         ADDLW   0x01
008C   00??           00415         MOVWF   r0x1024
008D   08??           00416         MOVF    r0x1022,W
008E   00??           00417         MOVWF   STK01
008F   08??           00418         MOVF    r0x1023,W
0090   00??           00419         MOVWF   STK00
0091   08??           00420         MOVF    r0x1024,W
0092   0??? 0???      00421         PAGESEL __gptrget2
0094   2???           00422         CALL    __gptrget2
0095   0??? 0???      00423         PAGESEL $
0097   0??? 0???      00424         BANKSEL r0x1025
0099   00??           00425         MOVWF   r0x1025
009A   08??           00426         MOVF    STK00,W
009B   00??           00427         MOVWF   r0x1026
009C   08??           00428         MOVF    r0x1018,W
009D   02??           00429         SUBWF   r0x1025,W
009E   1D03           00430         BTFSS   STATUS,2
009F   2???           00431         GOTO    _00158_DS_
00A0   08??           00432         MOVF    r0x1019,W
00A1   02??           00433         SUBWF   r0x1026,W
00A2                  00434 _00158_DS_:
00A2   1803           00435         BTFSC   STATUS,0
00A3   2???           00436         GOTO    _00110_DS_
                      00437 ;;genSkipc:3257: created from rifx:0xffd2ec84
00A4   0??? 0???      00438         BANKSEL r0x1026
00A6   08??           00439         MOVF    r0x1026,W
00A7   00??           00440         MOVWF   r0x1019
00A8   08??           00441         MOVF    r0x1025,W
00A9   00??           00442         MOVWF   r0x1018
00AA                  00443 _00110_DS_:
                      00444 ;       .line   13; "src/uplot.c"       if (d[i] > max) max = d[i];
00AA   0??? 0???      00445         BANKSEL r0x1020
00AC   08??           00446         MOVF    r0x1020,W
00AD   07??           00447         ADDWF   r0x1011,W
00AE   00??           00448         MOVWF   r0x1022
00AF   08??           00449         MOVF    r0x1010,W
00B0   00??           00450         MOVWF   r0x1023
00B1   08??           00451         MOVF    r0x1021,W
00B2   1803           00452         BTFSC   STATUS,0
00B3   0F??           00453         INCFSZ  r0x1021,W
00B4   07??           00454         ADDWF   r0x1023,F
00B5   08??           00455         MOVF    r0x100F,W
00B6   1803           00456         BTFSC   STATUS,0
00B7   3E01           00457         ADDLW   0x01
00B8   00??           00458         MOVWF   r0x1024
00B9   08??           00459         MOVF    r0x1022,W
00BA   00??           00460         MOVWF   STK01
00BB   08??           00461         MOVF    r0x1023,W
00BC   00??           00462         MOVWF   STK00
00BD   08??           00463         MOVF    r0x1024,W
00BE   0??? 0???      00464         PAGESEL __gptrget2
00C0   2???           00465         CALL    __gptrget2
00C1   0??? 0???      00466         PAGESEL $
gpasm-1.5.0 #1285 (Jun  6 2020) lib/PIC16F886   06/06/20  18:56:21          PAGE 10


LOC    OBJECT CODE    LINE  SOURCE TEXT
  VALUE

00C3   0??? 0???      00467         BANKSEL r0x1025
00C5   00??           00468         MOVWF   r0x1025
00C6   08??           00469         MOVF    STK00,W
00C7   00??           00470         MOVWF   r0x1026
00C8   08??           00471         MOVF    r0x1025,W
00C9   02??           00472         SUBWF   r0x101B,W
00CA   1D03           00473         BTFSS   STATUS,2
00CB   2???           00474         GOTO    _00159_DS_
00CC   08??           00475         MOVF    r0x1026,W
00CD   02??           00476         SUBWF   r0x101A,W
00CE                  00477 _00159_DS_:
00CE   1803           00478         BTFSC   STATUS,0
00CF   2???           00479         GOTO    _00119_DS_
                      00480 ;;genSkipc:3257: created from rifx:0xffd2ec84
00D0   0??? 0???      00481         BANKSEL r0x1026
00D2   08??           00482         MOVF    r0x1026,W
00D3   00??           00483         MOVWF   r0x101A
00D4   08??           00484         MOVF    r0x1025,W
00D5   00??           00485         MOVWF   r0x101B
00D6                  00486 _00119_DS_:
                      00487 ;       .line   11; "src/uplot.c"       for(i = 1; i < len; i++) {
00D6   3002           00488         MOVLW   0x02
00D7   0??? 0???      00489         BANKSEL r0x101E
00D9   07??           00490         ADDWF   r0x101E,F
00DA   1803           00491         BTFSC   STATUS,0
00DB   0A??           00492         INCF    r0x101F,F
00DC   3002           00493         MOVLW   0x02
00DD   07??           00494         ADDWF   r0x1020,F
00DE   1803           00495         BTFSC   STATUS,0
00DF   0A??           00496         INCF    r0x1021,F
00E0   0A??           00497         INCF    r0x101C,F
00E1   1903           00498         BTFSC   STATUS,2
00E2   0A??           00499         INCF    r0x101D,F
00E3   2???           00500         GOTO    _00118_DS_
00E4                  00501 _00113_DS_:
                      00502 ;       .line   15; "src/uplot.c"       if(0 == max) {
00E4   0??? 0???      00503         BANKSEL r0x101A
00E6   08??           00504         MOVF    r0x101A,W
00E7   04??           00505         IORWF   r0x101B,W
00E8   1D03           00506         BTFSS   STATUS,2
00E9   2???           00507         GOTO    _00133_DS_
                      00508 ;       .line   16; "src/uplot.c"       return -1;
00EA   30FF           00509         MOVLW   0xff
00EB   00??           00510         MOVWF   STK00
00EC   30FF           00511         MOVLW   0xff
00ED   2???           00512         GOTO    _00123_DS_
00EE                  00513 _00133_DS_:
                      00514 ;       .line   18; "src/uplot.c"       for(i = 0; i < len; i++) {
00EE   30FF           00515         MOVLW   0xff
00EF   0??? 0???      00516         BANKSEL r0x1017
00F1   07??           00517         ADDWF   r0x1017,F
00F2   1C03           00518         BTFSS   STATUS,0
00F3   03??           00519         DECF    r0x1016,F
gpasm-1.5.0 #1285 (Jun  6 2020) lib/PIC16F886   06/06/20  18:56:21          PAGE 11


LOC    OBJECT CODE    LINE  SOURCE TEXT
  VALUE

00F4   01??           00520         CLRF    r0x1019
00F5   01??           00521         CLRF    r0x1018
00F6   01??           00522         CLRF    r0x101C
00F7   01??           00523         CLRF    r0x101D
00F8                  00524 _00121_DS_:
00F8   0??? 0???      00525         BANKSEL r0x1012
00FA   08??           00526         MOVF    r0x1012,W
00FB   02??           00527         SUBWF   r0x1018,W
00FC   1D03           00528         BTFSS   STATUS,2
00FD   2???           00529         GOTO    _00160_DS_
00FE   08??           00530         MOVF    r0x1013,W
00FF   02??           00531         SUBWF   r0x1019,W
0100                  00532 _00160_DS_:
0100   1803           00533         BTFSC   STATUS,0
0101   2???           00534         GOTO    _00116_DS_
                      00535 ;;genSkipc:3257: created from rifx:0xffd2ec84
                      00536 ;       .line   20; "src/uplot.c"       y = d[i] * (height - 1) / max;
0102   0??? 0???      00537         BANKSEL r0x101C
0104   08??           00538         MOVF    r0x101C,W
0105   07??           00539         ADDWF   r0x1011,W
0106   00??           00540         MOVWF   r0x101E
0107   08??           00541         MOVF    r0x1010,W
0108   00??           00542         MOVWF   r0x101F
0109   08??           00543         MOVF    r0x101D,W
010A   1803           00544         BTFSC   STATUS,0
010B   0F??           00545         INCFSZ  r0x101D,W
010C   07??           00546         ADDWF   r0x101F,F
010D   08??           00547         MOVF    r0x100F,W
010E   1803           00548         BTFSC   STATUS,0
010F   3E01           00549         ADDLW   0x01
0110   00??           00550         MOVWF   r0x1020
0111   08??           00551         MOVF    r0x101E,W
0112   00??           00552         MOVWF   STK01
0113   08??           00553         MOVF    r0x101F,W
0114   00??           00554         MOVWF   STK00
0115   08??           00555         MOVF    r0x1020,W
0116   0??? 0???      00556         PAGESEL __gptrget2
0118   2???           00557         CALL    __gptrget2
0119   0??? 0???      00558         PAGESEL $
011B   0??? 0???      00559         BANKSEL r0x1022
011D   00??           00560         MOVWF   r0x1022
011E   08??           00561         MOVF    STK00,W
011F   00??           00562         MOVWF   r0x1021
0120   08??           00563         MOVF    r0x1017,W
0121   00??           00564         MOVWF   STK02
0122   08??           00565         MOVF    r0x1016,W
0123   00??           00566         MOVWF   STK01
0124   08??           00567         MOVF    r0x1021,W
0125   00??           00568         MOVWF   STK00
0126   08??           00569         MOVF    r0x1022,W
0127   0??? 0???      00570         PAGESEL __mulint
0129   2???           00571         CALL    __mulint
012A   0??? 0???      00572         PAGESEL $
gpasm-1.5.0 #1285 (Jun  6 2020) lib/PIC16F886   06/06/20  18:56:21          PAGE 12


LOC    OBJECT CODE    LINE  SOURCE TEXT
  VALUE

012C   0??? 0???      00573         BANKSEL r0x101F
012E   00??           00574         MOVWF   r0x101F
012F   08??           00575         MOVF    STK00,W
0130   00??           00576         MOVWF   r0x101E
0131   08??           00577         MOVF    r0x101A,W
0132   00??           00578         MOVWF   STK02
0133   08??           00579         MOVF    r0x101B,W
0134   00??           00580         MOVWF   STK01
0135   08??           00581         MOVF    r0x101E,W
0136   00??           00582         MOVWF   STK00
0137   08??           00583         MOVF    r0x101F,W
0138   0??? 0???      00584         PAGESEL __divuint
013A   2???           00585         CALL    __divuint
013B   0??? 0???      00586         PAGESEL $
013D   0??? 0???      00587         BANKSEL r0x101F
013F   00??           00588         MOVWF   r0x101F
0140   08??           00589         MOVF    STK00,W
                      00590 ;       .line   21; "src/uplot.c"       fb[(height - 1 - y) * width + x] = 1;
0141   00??           00591         MOVWF   r0x101E
0142   02??           00592         SUBWF   r0x1017,W
0143   00??           00593         MOVWF   r0x101E
0144   08??           00594         MOVF    r0x101F,W
0145   1C03           00595         BTFSS   STATUS,0
0146   0A??           00596         INCF    r0x101F,W
0147   02??           00597         SUBWF   r0x1016,W
0148   00??           00598         MOVWF   r0x101F
0149   08??           00599         MOVF    r0x1015,W
014A   00??           00600         MOVWF   STK02
014B   08??           00601         MOVF    r0x1014,W
014C   00??           00602         MOVWF   STK01
014D   08??           00603         MOVF    r0x101E,W
014E   00??           00604         MOVWF   STK00
014F   08??           00605         MOVF    r0x101F,W
0150   0??? 0???      00606         PAGESEL __mulint
0152   2???           00607         CALL    __mulint
0153   0??? 0???      00608         PAGESEL $
0155   0??? 0???      00609         BANKSEL r0x101F
0157   00??           00610         MOVWF   r0x101F
0158   08??           00611         MOVF    STK00,W
0159   00??           00612         MOVWF   r0x101E
015A   08??           00613         MOVF    r0x1019,W
015B   07??           00614         ADDWF   r0x101E,F
015C   08??           00615         MOVF    r0x1018,W
015D   1803           00616         BTFSC   STATUS,0
015E   0F??           00617         INCFSZ  r0x1018,W
015F   07??           00618         ADDWF   r0x101F,F
0160   08??           00619         MOVF    r0x101E,W
0161   00??           00620         MOVWF   STK02
0162   08??           00621         MOVF    r0x101F,W
0163   00??           00622         MOVWF   STK01
0164   3002           00623         MOVLW   0x02
0165   00??           00624         MOVWF   STK00
0166   3000           00625         MOVLW   0x00
gpasm-1.5.0 #1285 (Jun  6 2020) lib/PIC16F886   06/06/20  18:56:21          PAGE 13


LOC    OBJECT CODE    LINE  SOURCE TEXT
  VALUE

0167   0??? 0???      00626         PAGESEL __mulint
0169   2???           00627         CALL    __mulint
016A   0??? 0???      00628         PAGESEL $
016C   0??? 0???      00629         BANKSEL r0x101F
016E   00??           00630         MOVWF   r0x101F
016F   08??           00631         MOVF    STK00,W
0170   00??           00632         MOVWF   r0x101E
0171   07??           00633         ADDWF   r0x100E,W
0172   00??           00634         MOVWF   r0x101E
0173   08??           00635         MOVF    r0x100D,W
0174   00??           00636         MOVWF   r0x101F
0175   1803           00637         BTFSC   STATUS,0
0176   0F??           00638         INCFSZ  r0x101F,W
0177   07??           00639         ADDWF   r0x101F,F
0178   08??           00640         MOVF    r0x100C,W
0179   1803           00641         BTFSC   STATUS,0
017A   3E01           00642         ADDLW   0x01
017B   00??           00643         MOVWF   r0x1020
017C   3000           00644         MOVLW   0x00
017D   00??           00645         MOVWF   STK02
017E   3001           00646         MOVLW   0x01
017F   00??           00647         MOVWF   STK03
0180   08??           00648         MOVF    r0x101E,W
0181   00??           00649         MOVWF   STK01
0182   08??           00650         MOVF    r0x101F,W
0183   00??           00651         MOVWF   STK00
0184   08??           00652         MOVF    r0x1020,W
0185   0??? 0???      00653         PAGESEL __gptrput2
0187   2???           00654         CALL    __gptrput2
0188   0??? 0???      00655         PAGESEL $
                      00656 ;       .line   18; "src/uplot.c"       for(i = 0; i < len; i++) {
018A   3002           00657         MOVLW   0x02
018B   0??? 0???      00658         BANKSEL r0x101C
018D   07??           00659         ADDWF   r0x101C,F
018E   1803           00660         BTFSC   STATUS,0
018F   0A??           00661         INCF    r0x101D,F
0190   0A??           00662         INCF    r0x1019,F
0191   1903           00663         BTFSC   STATUS,2
0192   0A??           00664         INCF    r0x1018,F
0193   2???           00665         GOTO    _00121_DS_
0194                  00666 _00116_DS_:
                      00667 ;       .line   23; "src/uplot.c"       return i;
0194   0??? 0???      00668         BANKSEL r0x1019
0196   08??           00669         MOVF    r0x1019,W
0197   00??           00670         MOVWF   STK00
0198   08??           00671         MOVF    r0x1018,W
0199                  00672 _00123_DS_:
0199   0008           00673         RETURN  
                      00674 ; exit point of _uplot
                      00675 
                      00676 
                      00677 ;       code size estimation:
                      00678 ;         367+   54 =   421 instructions (  950 byte)
gpasm-1.5.0 #1285 (Jun  6 2020) lib/PIC16F886   06/06/20  18:56:21          PAGE 14


LOC    OBJECT CODE    LINE  SOURCE TEXT
  VALUE

                      00679 
                      00680         end
gpasm-1.5.0 #1285 (Jun  6 2020) lib/PIC16F886   06/06/20  18:56:21          PAGE 15


SYMBOL TABLE
  LABEL                              TYPE        VALUE         VALUE          VALUE
                                                 (hex)         (dec)          (text)

ABDEN                             CONSTANT      00000000              0
ABDOVF                            CONSTANT      00000007              7
ACKDT                             CONSTANT      00000005              5
ACKEN                             CONSTANT      00000004              4
ACKSTAT                           CONSTANT      00000006              6
ADCON0                            CONSTANT      0000001F             31
ADCON1                            CONSTANT      0000009F            159
ADCS0                             CONSTANT      00000006              6
ADCS1                             CONSTANT      00000007              7
ADDEN                             CONSTANT      00000003              3
ADFM                              CONSTANT      00000007              7
ADIE                              CONSTANT      00000006              6
ADIF                              CONSTANT      00000006              6
ADON                              CONSTANT      00000000              0
ADRESH                            CONSTANT      0000001E             30
ADRESL                            CONSTANT      0000009E            158
ANS0                              CONSTANT      00000000              0
ANS1                              CONSTANT      00000001              1
ANS2                              CONSTANT      00000002              2
ANS3                              CONSTANT      00000003              3
ANS4                              CONSTANT      00000004              4
ANS8                              CONSTANT      00000000              0
ANS9                              CONSTANT      00000001              1
ANS10                             CONSTANT      00000002              2
ANS11                             CONSTANT      00000003              3
ANS12                             CONSTANT      00000004              4
ANS13                             CONSTANT      00000005              5
ANSEL                             CONSTANT      00000188            392
ANSELH                            CONSTANT      00000189            393
BAUDCTL                           CONSTANT      00000187            391
BCLIE                             CONSTANT      00000003              3
BCLIF                             CONSTANT      00000003              3
BF                                CONSTANT      00000000              0
BRG0                              CONSTANT      00000000              0
BRG1                              CONSTANT      00000001              1
BRG2                              CONSTANT      00000002              2
BRG3                              CONSTANT      00000003              3
BRG4                              CONSTANT      00000004              4
BRG5                              CONSTANT      00000005              5
BRG6                              CONSTANT      00000006              6
BRG7                              CONSTANT      00000007              7
BRG8                              CONSTANT      00000000              0
BRG9                              CONSTANT      00000001              1
BRG10                             CONSTANT      00000002              2
BRG11                             CONSTANT      00000003              3
BRG12                             CONSTANT      00000004              4
BRG13                             CONSTANT      00000005              5
BRG14                             CONSTANT      00000006              6
BRG15                             CONSTANT      00000007              7
BRG16                             CONSTANT      00000003              3
BRGH                              CONSTANT      00000002              2
C                                 CONSTANT      00000000              0
gpasm-1.5.0 #1285 (Jun  6 2020) lib/PIC16F886   06/06/20  18:56:21          PAGE 16


SYMBOL TABLE
  LABEL                              TYPE        VALUE         VALUE          VALUE
                                                 (hex)         (dec)          (text)

C1CH0                             CONSTANT      00000000              0
C1CH1                             CONSTANT      00000001              1
C1IE                              CONSTANT      00000005              5
C1IF                              CONSTANT      00000005              5
C1OE                              CONSTANT      00000005              5
C1ON                              CONSTANT      00000007              7
C1OUT                             CONSTANT      00000006              6
C1POL                             CONSTANT      00000004              4
C1R                               CONSTANT      00000002              2
C1RSEL                            CONSTANT      00000005              5
C1SEN                             CONSTANT      00000005              5
C2CH0                             CONSTANT      00000000              0
C2CH1                             CONSTANT      00000001              1
C2IE                              CONSTANT      00000006              6
C2IF                              CONSTANT      00000006              6
C2OE                              CONSTANT      00000005              5
C2ON                              CONSTANT      00000007              7
C2OUT                             CONSTANT      00000006              6
C2POL                             CONSTANT      00000004              4
C2R                               CONSTANT      00000002              2
C2REN                             CONSTANT      00000004              4
C2RSEL                            CONSTANT      00000004              4
C2SYNC                            CONSTANT      00000000              0
CCP1CON                           CONSTANT      00000017             23
CCP1IE                            CONSTANT      00000002              2
CCP1IF                            CONSTANT      00000002              2
CCP1M0                            CONSTANT      00000000              0
CCP1M1                            CONSTANT      00000001              1
CCP1M2                            CONSTANT      00000002              2
CCP1M3                            CONSTANT      00000003              3
CCP1X                             CONSTANT      00000005              5
CCP1Y                             CONSTANT      00000004              4
CCP2CON                           CONSTANT      0000001D             29
CCP2IE                            CONSTANT      00000000              0
CCP2IF                            CONSTANT      00000000              0
CCP2M0                            CONSTANT      00000000              0
CCP2M1                            CONSTANT      00000001              1
CCP2M2                            CONSTANT      00000002              2
CCP2M3                            CONSTANT      00000003              3
CCP2X                             CONSTANT      00000005              5
CCP2Y                             CONSTANT      00000004              4
CCPR1                             CONSTANT      00000015             21
CCPR1H                            CONSTANT      00000016             22
CCPR1L                            CONSTANT      00000015             21
CCPR2                             CONSTANT      0000001B             27
CCPR2H                            CONSTANT      0000001C             28
CCPR2L                            CONSTANT      0000001B             27
CHS0                              CONSTANT      00000002              2
CHS1                              CONSTANT      00000003              3
CHS2                              CONSTANT      00000004              4
CHS3                              CONSTANT      00000005              5
CKE                               CONSTANT      00000006              6
gpasm-1.5.0 #1285 (Jun  6 2020) lib/PIC16F886   06/06/20  18:56:21          PAGE 17


SYMBOL TABLE
  LABEL                              TYPE        VALUE         VALUE          VALUE
                                                 (hex)         (dec)          (text)

CKP                               CONSTANT      00000004              4
CM1CON0                           CONSTANT      00000107            263
CM2CON0                           CONSTANT      00000108            264
CM2CON1                           CONSTANT      00000109            265
CREN                              CONSTANT      00000004              4
CSRC                              CONSTANT      00000007              7
D                                 CONSTANT      00000005              5
DATA_ADDRESS                      CONSTANT      00000005              5
DC                                CONSTANT      00000001              1
DC1B0                             CONSTANT      00000004              4
DC1B1                             CONSTANT      00000005              5
DC2B0                             CONSTANT      00000004              4
DC2B1                             CONSTANT      00000005              5
D_A                               CONSTANT      00000005              5
D_NOT_A                           CONSTANT      00000005              5
ECCPAS                            CONSTANT      0000009C            156
ECCPAS0                           CONSTANT      00000004              4
ECCPAS1                           CONSTANT      00000005              5
ECCPAS2                           CONSTANT      00000006              6
ECCPASE                           CONSTANT      00000007              7
EEADR                             CONSTANT      0000010D            269
EEADRH                            CONSTANT      0000010F            271
EECON1                            CONSTANT      0000018C            396
EECON2                            CONSTANT      0000018D            397
EEDAT                             CONSTANT      0000010C            268
EEDATA                            CONSTANT      0000010C            268
EEDATH                            CONSTANT      0000010E            270
EEIE                              CONSTANT      00000004              4
EEIF                              CONSTANT      00000004              4
EEPGD                             CONSTANT      00000007              7
F                                 CONSTANT      00000001              1
FERR                              CONSTANT      00000002              2
FSR                               CONSTANT      00000004              4
FVREN                             CONSTANT      00000000              0
GCEN                              CONSTANT      00000007              7
GIE                               CONSTANT      00000007              7
GO                                CONSTANT      00000001              1
GO_DONE                           CONSTANT      00000001              1
GO_NOT_DONE                       CONSTANT      00000001              1
HTS                               CONSTANT      00000002              2
I2C_DATA                          CONSTANT      00000005              5
I2C_READ                          CONSTANT      00000002              2
I2C_START                         CONSTANT      00000003              3
I2C_STOP                          CONSTANT      00000004              4
INDF                              CONSTANT      00000000              0
INTCON                            CONSTANT      0000000B             11
INTE                              CONSTANT      00000004              4
INTEDG                            CONSTANT      00000006              6
INTF                              CONSTANT      00000001              1
IOCB                              CONSTANT      00000096            150
IOCB0                             CONSTANT      00000000              0
IOCB1                             CONSTANT      00000001              1
gpasm-1.5.0 #1285 (Jun  6 2020) lib/PIC16F886   06/06/20  18:56:21          PAGE 18


SYMBOL TABLE
  LABEL                              TYPE        VALUE         VALUE          VALUE
                                                 (hex)         (dec)          (text)

IOCB2                             CONSTANT      00000002              2
IOCB3                             CONSTANT      00000003              3
IOCB4                             CONSTANT      00000004              4
IOCB5                             CONSTANT      00000005              5
IOCB6                             CONSTANT      00000006              6
IOCB7                             CONSTANT      00000007              7
IRCF0                             CONSTANT      00000004              4
IRCF1                             CONSTANT      00000005              5
IRCF2                             CONSTANT      00000006              6
IRP                               CONSTANT      00000007              7
LTS                               CONSTANT      00000001              1
MC1OUT                            CONSTANT      00000007              7
MC2OUT                            CONSTANT      00000006              6
MSK                               CONSTANT      00000093            147
MSK0                              CONSTANT      00000000              0
MSK1                              CONSTANT      00000001              1
MSK2                              CONSTANT      00000002              2
MSK3                              CONSTANT      00000003              3
MSK4                              CONSTANT      00000004              4
MSK5                              CONSTANT      00000005              5
MSK6                              CONSTANT      00000006              6
MSK7                              CONSTANT      00000007              7
NOT_A                             CONSTANT      00000005              5
NOT_ADDRESS                       CONSTANT      00000005              5
NOT_BO                            CONSTANT      00000000              0
NOT_BOR                           CONSTANT      00000000              0
NOT_DONE                          CONSTANT      00000001              1
NOT_PD                            CONSTANT      00000003              3
NOT_POR                           CONSTANT      00000001              1
NOT_RBPU                          CONSTANT      00000007              7
NOT_RC8                           CONSTANT      00000006              6
NOT_T1SYNC                        CONSTANT      00000002              2
NOT_TO                            CONSTANT      00000004              4
NOT_TX8                           CONSTANT      00000006              6
NOT_W                             CONSTANT      00000002              2
NOT_WRITE                         CONSTANT      00000002              2
OERR                              CONSTANT      00000001              1
OPTION_REG                        CONSTANT      00000081            129
OSCCON                            CONSTANT      0000008F            143
OSCTUNE                           CONSTANT      00000090            144
OSFIE                             CONSTANT      00000007              7
OSFIF                             CONSTANT      00000007              7
OSTS                              CONSTANT      00000003              3
P                                 CONSTANT      00000004              4
P1M0                              CONSTANT      00000006              6
P1M1                              CONSTANT      00000007              7
PCL                               CONSTANT      00000002              2
PCLATH                            CONSTANT      0000000A             10
PCON                              CONSTANT      0000008E            142
PDC0                              CONSTANT      00000000              0
PDC1                              CONSTANT      00000001              1
PDC2                              CONSTANT      00000002              2
gpasm-1.5.0 #1285 (Jun  6 2020) lib/PIC16F886   06/06/20  18:56:21          PAGE 19


SYMBOL TABLE
  LABEL                              TYPE        VALUE         VALUE          VALUE
                                                 (hex)         (dec)          (text)

PDC3                              CONSTANT      00000003              3
PDC4                              CONSTANT      00000004              4
PDC5                              CONSTANT      00000005              5
PDC6                              CONSTANT      00000006              6
PEIE                              CONSTANT      00000006              6
PEN                               CONSTANT      00000002              2
PIE1                              CONSTANT      0000008C            140
PIE2                              CONSTANT      0000008D            141
PIR1                              CONSTANT      0000000C             12
PIR2                              CONSTANT      0000000D             13
PORTA                             CONSTANT      00000005              5
PORTB                             CONSTANT      00000006              6
PORTC                             CONSTANT      00000007              7
PORTE                             CONSTANT      00000009              9
PR2                               CONSTANT      00000092            146
PRSEN                             CONSTANT      00000007              7
PS0                               CONSTANT      00000000              0
PS1                               CONSTANT      00000001              1
PS2                               CONSTANT      00000002              2
PSA                               CONSTANT      00000003              3
PSAVE                             EXTERNAL      00000000              0
PSSAC0                            CONSTANT      00000002              2
PSSAC1                            CONSTANT      00000003              3
PSSBD0                            CONSTANT      00000000              0
PSSBD1                            CONSTANT      00000001              1
PSTRCON                           CONSTANT      0000009D            157
PULSR                             CONSTANT      00000002              2
PULSS                             CONSTANT      00000003              3
PWM1CON                           CONSTANT      0000009B            155
R                                 CONSTANT      00000002              2
RA0                               CONSTANT      00000000              0
RA1                               CONSTANT      00000001              1
RA2                               CONSTANT      00000002              2
RA3                               CONSTANT      00000003              3
RA4                               CONSTANT      00000004              4
RA5                               CONSTANT      00000005              5
RA6                               CONSTANT      00000006              6
RA7                               CONSTANT      00000007              7
RB0                               CONSTANT      00000000              0
RB1                               CONSTANT      00000001              1
RB2                               CONSTANT      00000002              2
RB3                               CONSTANT      00000003              3
RB4                               CONSTANT      00000004              4
RB5                               CONSTANT      00000005              5
RB6                               CONSTANT      00000006              6
RB7                               CONSTANT      00000007              7
RBIE                              CONSTANT      00000003              3
RBIF                              CONSTANT      00000000              0
RC0                               CONSTANT      00000000              0
RC1                               CONSTANT      00000001              1
RC2                               CONSTANT      00000002              2
RC3                               CONSTANT      00000003              3
gpasm-1.5.0 #1285 (Jun  6 2020) lib/PIC16F886   06/06/20  18:56:21          PAGE 20


SYMBOL TABLE
  LABEL                              TYPE        VALUE         VALUE          VALUE
                                                 (hex)         (dec)          (text)

RC4                               CONSTANT      00000004              4
RC5                               CONSTANT      00000005              5
RC6                               CONSTANT      00000006              6
RC7                               CONSTANT      00000007              7
RC8_9                             CONSTANT      00000006              6
RC9                               CONSTANT      00000006              6
RCD8                              CONSTANT      00000000              0
RCEN                              CONSTANT      00000003              3
RCIDL                             CONSTANT      00000006              6
RCIE                              CONSTANT      00000005              5
RCIF                              CONSTANT      00000005              5
RCREG                             CONSTANT      0000001A             26
RCSTA                             CONSTANT      00000018             24
RD                                CONSTANT      00000000              0
RE3                               CONSTANT      00000003              3
READ_WRITE                        CONSTANT      00000002              2
RP0                               CONSTANT      00000005              5
RP1                               CONSTANT      00000006              6
RSEN                              CONSTANT      00000001              1
RX9                               CONSTANT      00000006              6
RX9D                              CONSTANT      00000000              0
R_NOT_W                           CONSTANT      00000002              2
R_W                               CONSTANT      00000002              2
S                                 CONSTANT      00000003              3
SBOREN                            CONSTANT      00000004              4
SCKP                              CONSTANT      00000004              4
SCS                               CONSTANT      00000000              0
SEN                               CONSTANT      00000000              0
SENDB                             CONSTANT      00000003              3
SMP                               CONSTANT      00000007              7
SPBRG                             CONSTANT      00000099            153
SPBRGH                            CONSTANT      0000009A            154
SPEN                              CONSTANT      00000007              7
SR0                               CONSTANT      00000006              6
SR1                               CONSTANT      00000007              7
SRCON                             CONSTANT      00000185            389
SREN                              CONSTANT      00000005              5
SSAVE                             EXTERNAL      00000000              0
SSPADD                            CONSTANT      00000093            147
SSPBUF                            CONSTANT      00000013             19
SSPCON                            CONSTANT      00000014             20
SSPCON2                           CONSTANT      00000091            145
SSPEN                             CONSTANT      00000005              5
SSPIE                             CONSTANT      00000003              3
SSPIF                             CONSTANT      00000003              3
SSPM0                             CONSTANT      00000000              0
SSPM1                             CONSTANT      00000001              1
SSPM2                             CONSTANT      00000002              2
SSPM3                             CONSTANT      00000003              3
SSPMSK                            CONSTANT      00000093            147
SSPOV                             CONSTANT      00000006              6
SSPSTAT                           CONSTANT      00000094            148
gpasm-1.5.0 #1285 (Jun  6 2020) lib/PIC16F886   06/06/20  18:56:21          PAGE 21


SYMBOL TABLE
  LABEL                              TYPE        VALUE         VALUE          VALUE
                                                 (hex)         (dec)          (text)

STATUS                            CONSTANT      00000003              3
STK00                             EXTERNAL      00000000              0
STK01                             EXTERNAL      00000000              0
STK02                             EXTERNAL      00000000              0
STK03                             EXTERNAL      00000000              0
STK04                             EXTERNAL      00000000              0
STK05                             EXTERNAL      00000000              0
STK06                             EXTERNAL      00000000              0
STK07                             EXTERNAL      00000000              0
STK08                             EXTERNAL      00000000              0
STK09                             EXTERNAL      00000000              0
STK10                             EXTERNAL      00000000              0
STK11                             EXTERNAL      00000000              0
STK12                             EXTERNAL      00000000              0
STRA                              CONSTANT      00000000              0
STRB                              CONSTANT      00000001              1
STRC                              CONSTANT      00000002              2
STRD                              CONSTANT      00000003              3
STRSYNC                           CONSTANT      00000004              4
SWDTEN                            CONSTANT      00000000              0
SYNC                              CONSTANT      00000004              4
T0CS                              CONSTANT      00000005              5
T0IE                              CONSTANT      00000005              5
T0IF                              CONSTANT      00000002              2
T0SE                              CONSTANT      00000004              4
T1CKPS0                           CONSTANT      00000004              4
T1CKPS1                           CONSTANT      00000005              5
T1CON                             CONSTANT      00000010             16
T1GINV                            CONSTANT      00000007              7
T1GIV                             CONSTANT      00000007              7
T1GSS                             CONSTANT      00000001              1
T1INSYNC                          CONSTANT      00000002              2
T1OSCEN                           CONSTANT      00000003              3
T1SYNC                            CONSTANT      00000002              2
T2CKPS0                           CONSTANT      00000000              0
T2CKPS1                           CONSTANT      00000001              1
T2CON                             CONSTANT      00000012             18
TMR0                              CONSTANT      00000001              1
TMR0IE                            CONSTANT      00000005              5
TMR0IF                            CONSTANT      00000002              2
TMR1                              CONSTANT      0000000E             14
TMR1CS                            CONSTANT      00000001              1
TMR1GE                            CONSTANT      00000006              6
TMR1H                             CONSTANT      0000000F             15
TMR1IE                            CONSTANT      00000000              0
TMR1IF                            CONSTANT      00000000              0
TMR1L                             CONSTANT      0000000E             14
TMR1ON                            CONSTANT      00000000              0
TMR2                              CONSTANT      00000011             17
TMR2IE                            CONSTANT      00000001              1
TMR2IF                            CONSTANT      00000001              1
TMR2ON                            CONSTANT      00000002              2
gpasm-1.5.0 #1285 (Jun  6 2020) lib/PIC16F886   06/06/20  18:56:21          PAGE 22


SYMBOL TABLE
  LABEL                              TYPE        VALUE         VALUE          VALUE
                                                 (hex)         (dec)          (text)

TOUTPS0                           CONSTANT      00000003              3
TOUTPS1                           CONSTANT      00000004              4
TOUTPS2                           CONSTANT      00000005              5
TOUTPS3                           CONSTANT      00000006              6
TRISA                             CONSTANT      00000085            133
TRISA0                            CONSTANT      00000000              0
TRISA1                            CONSTANT      00000001              1
TRISA2                            CONSTANT      00000002              2
TRISA3                            CONSTANT      00000003              3
TRISA4                            CONSTANT      00000004              4
TRISA5                            CONSTANT      00000005              5
TRISA6                            CONSTANT      00000006              6
TRISA7                            CONSTANT      00000007              7
TRISB                             CONSTANT      00000086            134
TRISB0                            CONSTANT      00000000              0
TRISB1                            CONSTANT      00000001              1
TRISB2                            CONSTANT      00000002              2
TRISB3                            CONSTANT      00000003              3
TRISB4                            CONSTANT      00000004              4
TRISB5                            CONSTANT      00000005              5
TRISB6                            CONSTANT      00000006              6
TRISB7                            CONSTANT      00000007              7
TRISC                             CONSTANT      00000087            135
TRISC0                            CONSTANT      00000000              0
TRISC1                            CONSTANT      00000001              1
TRISC2                            CONSTANT      00000002              2
TRISC3                            CONSTANT      00000003              3
TRISC4                            CONSTANT      00000004              4
TRISC5                            CONSTANT      00000005              5
TRISC6                            CONSTANT      00000006              6
TRISC7                            CONSTANT      00000007              7
TRISE                             CONSTANT      00000089            137
TRISE3                            CONSTANT      00000003              3
TRMT                              CONSTANT      00000001              1
TUN0                              CONSTANT      00000000              0
TUN1                              CONSTANT      00000001              1
TUN2                              CONSTANT      00000002              2
TUN3                              CONSTANT      00000003              3
TUN4                              CONSTANT      00000004              4
TX8_9                             CONSTANT      00000006              6
TX9                               CONSTANT      00000006              6
TX9D                              CONSTANT      00000000              0
TXD8                              CONSTANT      00000000              0
TXEN                              CONSTANT      00000005              5
TXIE                              CONSTANT      00000004              4
TXIF                              CONSTANT      00000004              4
TXREG                             CONSTANT      00000019             25
TXSTA                             CONSTANT      00000098            152
UA                                CONSTANT      00000001              1
ULPWUE                            CONSTANT      00000005              5
ULPWUIE                           CONSTANT      00000002              2
ULPWUIF                           CONSTANT      00000002              2
gpasm-1.5.0 #1285 (Jun  6 2020) lib/PIC16F886   06/06/20  18:56:21          PAGE 23


SYMBOL TABLE
  LABEL                              TYPE        VALUE         VALUE          VALUE
                                                 (hex)         (dec)          (text)

VCFG0                             CONSTANT      00000004              4
VCFG1                             CONSTANT      00000005              5
VR0                               CONSTANT      00000000              0
VR1                               CONSTANT      00000001              1
VR2                               CONSTANT      00000002              2
VR3                               CONSTANT      00000003              3
VRCON                             CONSTANT      00000097            151
VREN                              CONSTANT      00000007              7
VROE                              CONSTANT      00000006              6
VRR                               CONSTANT      00000005              5
VRSS                              CONSTANT      00000004              4
W                                 CONSTANT      00000000              0
WCOL                              CONSTANT      00000007              7
WDTCON                            CONSTANT      00000105            261
WDTPS0                            CONSTANT      00000001              1
WDTPS1                            CONSTANT      00000002              2
WDTPS2                            CONSTANT      00000003              3
WDTPS3                            CONSTANT      00000004              4
WPUB                              CONSTANT      00000095            149
WPUB0                             CONSTANT      00000000              0
WPUB1                             CONSTANT      00000001              1
WPUB2                             CONSTANT      00000002              2
WPUB3                             CONSTANT      00000003              3
WPUB4                             CONSTANT      00000004              4
WPUB5                             CONSTANT      00000005              5
WPUB6                             CONSTANT      00000006              6
WPUB7                             CONSTANT      00000007              7
WR                                CONSTANT      00000001              1
WREN                              CONSTANT      00000002              2
WRERR                             CONSTANT      00000003              3
WSAVE                             EXTERNAL      00000000              0
WUE                               CONSTANT      00000001              1
Z                                 CONSTANT      00000002              2
_00105_DS_                        ADDRESS       00000054             84
_00106_DS_                        ADDRESS       00000058             88
_00110_DS_                        ADDRESS       000000AA            170
_00113_DS_                        ADDRESS       000000E4            228
_00116_DS_                        ADDRESS       00000194            404
_00118_DS_                        ADDRESS       00000074            116
_00119_DS_                        ADDRESS       000000D6            214
_00121_DS_                        ADDRESS       000000F8            248
_00123_DS_                        ADDRESS       00000199            409
_00133_DS_                        ADDRESS       000000EE            238
_00154_DS_                        ADDRESS       0000003E             62
_00155_DS_                        ADDRESS       00000048             72
_00156_DS_                        ADDRESS       00000052             82
_00157_DS_                        ADDRESS       0000007C            124
_00158_DS_                        ADDRESS       000000A2            162
_00159_DS_                        ADDRESS       000000CE            206
_00160_DS_                        ADDRESS       00000100            256
_00167_DS_                        ADDRESS       0000000F             15
_00169_DS_                        ADDRESS       00000040             64
gpasm-1.5.0 #1285 (Jun  6 2020) lib/PIC16F886   06/06/20  18:56:21          PAGE 24


SYMBOL TABLE
  LABEL                              TYPE        VALUE         VALUE          VALUE
                                                 (hex)         (dec)          (text)

_00178_DS_                        ADDRESS       00000017             23
_BOR4V_BOR21V                     CONSTANT      00003EFF          16127
_BOR4V_BOR40V                     CONSTANT      00003FFF          16383
_BOR21V                           CONSTANT      00003EFF          16127
_BOR40V                           CONSTANT      00003FFF          16383
_BOREN_NSLEEP                     CONSTANT      00003EFF          16127
_BOREN_OFF                        CONSTANT      00003CFF          15615
_BOREN_ON                         CONSTANT      00003FFF          16383
_BOREN_SBODEN                     CONSTANT      00003DFF          15871
_BOR_NSLEEP                       CONSTANT      00003EFF          16127
_BOR_OFF                          CONSTANT      00003CFF          15615
_BOR_ON                           CONSTANT      00003FFF          16383
_BOR_SBODEN                       CONSTANT      00003DFF          15871
_CONFIG1                          CONSTANT      00002007           8199
_CONFIG2                          CONSTANT      00002008           8200
_CPD_OFF                          CONSTANT      00003FFF          16383
_CPD_ON                           CONSTANT      00003F7F          16255
_CP_OFF                           CONSTANT      00003FFF          16383
_CP_ON                            CONSTANT      00003FBF          16319
_DEBUG_OFF                        CONSTANT      00003FFF          16383
_DEBUG_ON                         CONSTANT      00001FFF           8191
_DEVID1                           CONSTANT      00002006           8198
_EC_OSC                           CONSTANT      00003FFB          16379
_EXTRC                            CONSTANT      00003FFF          16383
_EXTRCIO                          CONSTANT      00003FFE          16382
_EXTRC_OSC_CLKOUT                 CONSTANT      00003FFF          16383
_EXTRC_OSC_NOCLKOUT               CONSTANT      00003FFE          16382
_FCMEN_OFF                        CONSTANT      000037FF          14335
_FCMEN_ON                         CONSTANT      00003FFF          16383
_FOSC_EC                          CONSTANT      00003FFB          16379
_FOSC_EXTRC_CLKOUT                CONSTANT      00003FFF          16383
_FOSC_EXTRC_NOCLKOUT              CONSTANT      00003FFE          16382
_FOSC_HS                          CONSTANT      00003FFA          16378
_FOSC_INTRC_CLKOUT                CONSTANT      00003FFD          16381
_FOSC_INTRC_NOCLKOUT              CONSTANT      00003FFC          16380
_FOSC_LP                          CONSTANT      00003FF8          16376
_FOSC_XT                          CONSTANT      00003FF9          16377
_HS_OSC                           CONSTANT      00003FFA          16378
_IDLOC0                           CONSTANT      00002000           8192
_IDLOC1                           CONSTANT      00002001           8193
_IDLOC2                           CONSTANT      00002002           8194
_IDLOC3                           CONSTANT      00002003           8195
_IESO_OFF                         CONSTANT      00003BFF          15359
_IESO_ON                          CONSTANT      00003FFF          16383
_INTOSC                           CONSTANT      00003FFD          16381
_INTOSCIO                         CONSTANT      00003FFC          16380
_INTRC_OSC_CLKOUT                 CONSTANT      00003FFD          16381
_INTRC_OSC_NOCLKOUT               CONSTANT      00003FFC          16380
_LP_OSC                           CONSTANT      00003FF8          16376
_LVP_OFF                          CONSTANT      00002FFF          12287
_LVP_ON                           CONSTANT      00003FFF          16383
_MCLRE_OFF                        CONSTANT      00003FDF          16351
gpasm-1.5.0 #1285 (Jun  6 2020) lib/PIC16F886   06/06/20  18:56:21          PAGE 25


SYMBOL TABLE
  LABEL                              TYPE        VALUE         VALUE          VALUE
                                                 (hex)         (dec)          (text)

_MCLRE_ON                         CONSTANT      00003FFF          16383
_PWRTE_OFF                        CONSTANT      00003FFF          16383
_PWRTE_ON                         CONSTANT      00003FEF          16367
_S_uplot__uplot_0022              ADDRESS       00000022             34
_S_uplot__uplot_0034              ADDRESS       00000034             52
_S_uplot__uplot_0062              ADDRESS       00000062             98
_S_uplot__uplot_0095              ADDRESS       00000095            149
_S_uplot__uplot_00C1              ADDRESS       000000C1            193
_S_uplot__uplot_0119              ADDRESS       00000119            281
_S_uplot__uplot_012A              ADDRESS       0000012A            298
_S_uplot__uplot_013B              ADDRESS       0000013B            315
_S_uplot__uplot_0153              ADDRESS       00000153            339
_S_uplot__uplot_016A              ADDRESS       0000016A            362
_S_uplot__uplot_0188              ADDRESS       00000188            392
_S_uplot__zerobuffer_0034         ADDRESS       00000034             52
_WDTE_OFF                         CONSTANT      00003FF7          16375
_WDTE_ON                          CONSTANT      00003FFF          16383
_WDT_OFF                          CONSTANT      00003FF7          16375
_WDT_ON                           CONSTANT      00003FFF          16383
_WRT_1FOURTH                      CONSTANT      00003BFF          15359
_WRT_256                          CONSTANT      00003DFF          15871
_WRT_HALF                         CONSTANT      000039FF          14847
_WRT_OFF                          CONSTANT      00003FFF          16383
_XT_OSC                           CONSTANT      00003FF9          16377
__14_BIT                          CONSTANT      00000001              1
__16F886                          CONSTANT      00000001              1
__ACTIVE_BANK_ADDR                VARIABLE      FFFFFFFF             -1
__ACTIVE_PAGE_ADDR                VARIABLE      FFFFFFFF             -1
__ASSUMED_BANK_ADDR               VARIABLE      FFFFFFFF             -1
__BANK_0                          CONSTANT      00000000              0
__BANK_1                          CONSTANT      00000080            128
__BANK_2                          CONSTANT      00000100            256
__BANK_3                          CONSTANT      00000180            384
__BANK_BITS                       CONSTANT      00000180            384
__BANK_FIRST                      CONSTANT      00000000              0
__BANK_INV                        CONSTANT      FFFFFFFF             -1
__BANK_LAST                       CONSTANT      00000180            384
__BANK_MASK                       CONSTANT      0000007F            127
__BANK_SHIFT                      CONSTANT      00000007              7
__BANK_SIZE                       CONSTANT      00000080            128
__CODE_END                        CONSTANT      00001FFF           8191
__CODE_START                      CONSTANT      00000000              0
__COMMON_RAM_END                  CONSTANT      0000007F            127
__COMMON_RAM_START                CONSTANT      00000070            112
__CONFIG_END                      CONSTANT      00002008           8200
__CONFIG_START                    CONSTANT      00002007           8199
__EEPROM_END                      CONSTANT      000021FF           8703
__EEPROM_START                    CONSTANT      00002100           8448
__GPUTILS_SVN_VERSION             CONSTANT      00000505           1285
__GPUTILS_VERSION_MAJOR           CONSTANT      00000001              1
__GPUTILS_VERSION_MICRO           CONSTANT      00000000              0
__GPUTILS_VERSION_MINOR           CONSTANT      00000005              5
gpasm-1.5.0 #1285 (Jun  6 2020) lib/PIC16F886   06/06/20  18:56:21          PAGE 26


SYMBOL TABLE
  LABEL                              TYPE        VALUE         VALUE          VALUE
                                                 (hex)         (dec)          (text)

__IDLOCS_END                      CONSTANT      00002003           8195
__IDLOCS_START                    CONSTANT      00002000           8192
__NUM_BANKS                       CONSTANT      00000004              4
__NUM_PAGES                       CONSTANT      00000004              4
__PAGE_0                          CONSTANT      00000000              0
__PAGE_1                          CONSTANT      00000800           2048
__PAGE_2                          CONSTANT      00001000           4096
__PAGE_3                          CONSTANT      00001800           6144
__PAGE_BITS                       CONSTANT      00001800           6144
__PAGE_FIRST                      CONSTANT      00000000              0
__PAGE_INV                        CONSTANT      FFFFFFFF             -1
__PAGE_LAST                       CONSTANT      00001800           6144
__PAGE_MASK                       CONSTANT      000007FF           2047
__PAGE_SHIFT                      CONSTANT      0000000B             11
__PAGE_SIZE                       CONSTANT      00000800           2048
__VECTOR_INT                      CONSTANT      00000004              4
__VECTOR_RESET                    CONSTANT      00000000              0
__WHILE_LOOP_COUNT_MAX            CONSTANT      000000FF            255
__divuint                         EXTERNAL      00000000              0
__gptrget2                        EXTERNAL      00000000              0
__gptrput2                        EXTERNAL      00000000              0
__mulint                          EXTERNAL      00000000              0
_uplot                            GLOBAL        00000000              0
_zerobuffer                       GLOBAL        00000000              0
r0x100A                           STATIC        00000025             37
r0x100B                           STATIC        00000026             38
r0x100C                           STATIC        00000002              2
r0x100D                           STATIC        00000001              1
r0x100E                           STATIC        00000000              0
r0x100F                           STATIC        00000005              5
r0x101A                           STATIC        0000000E             14
r0x101B                           STATIC        0000000F             15
r0x101C                           STATIC        00000010             16
r0x101D                           STATIC        00000011             17
r0x101E                           STATIC        00000012             18
r0x101F                           STATIC        00000013             19
r0x1000                           STATIC        0000001D             29
r0x1001                           STATIC        0000001C             28
r0x1002                           STATIC        0000001B             27
r0x1003                           STATIC        0000001F             31
r0x1004                           STATIC        0000001E             30
r0x1005                           STATIC        00000020             32
r0x1006                           STATIC        00000021             33
r0x1007                           STATIC        00000022             34
r0x1008                           STATIC        00000023             35
r0x1009                           STATIC        00000024             36
r0x1010                           STATIC        00000004              4
r0x1011                           STATIC        00000003              3
r0x1012                           STATIC        00000007              7
r0x1013                           STATIC        00000006              6
r0x1014                           STATIC        00000009              9
r0x1015                           STATIC        00000008              8
gpasm-1.5.0 #1285 (Jun  6 2020) lib/PIC16F886   06/06/20  18:56:21          PAGE 27


SYMBOL TABLE
  LABEL                              TYPE        VALUE         VALUE          VALUE
                                                 (hex)         (dec)          (text)

r0x1016                           STATIC        0000000B             11
r0x1017                           STATIC        0000000A             10
r0x1018                           STATIC        0000000D             13
r0x1019                           STATIC        0000000C             12
r0x1020                           STATIC        00000014             20
r0x1021                           STATIC        00000015             21
r0x1022                           STATIC        00000016             22
r0x1023                           STATIC        00000017             23
r0x1024                           STATIC        00000018             24
r0x1025                           STATIC        0000001A             26
r0x1026                           STATIC        00000019             25

Errors   :     0
Warnings :     0 reported,     0 suppressed
Messages :     0 reported,     0 suppressed

